<?xml version="1.0" encoding="UTF-8"?>
<!-- Generated by org.testng.reporters.JUnitXMLReporter -->
<testsuite hostname="Prabu" name="Regression" tests="6" failures="0" timestamp="2 Apr 2016 13:16:06 GMT" time="28.819" errors="0">
  <testcase name="InvalidSearch" time="0.071" classname="TestScript.bookSearch"/>
  <testcase name="InvalidSearch" time="0.008" classname="TestScript.bookSearch"/>
  <testcase name="InvalidSearch" time="0.012" classname="TestScript.bookSearch"/>
  <testcase name="InvalidSearch" time="0.012" classname="TestScript.bookSearch"/>
  <testcase name="InvalidSearch" time="0.012" classname="TestScript.bookSearch"/>
  <testcase name="InvalidSearch" time="0.008" classname="TestScript.bookSearch"/>
</testsuite> <!-- Regression -->
